e:\codetext\mfcapplication2\mfcapplication2\debug\mfcapplication2.pch
e:\codetext\mfcapplication2\mfcapplication2\debug\vc120.pdb
e:\codetext\mfcapplication2\mfcapplication2\debug\vc120.idb
e:\codetext\mfcapplication2\mfcapplication2\debug\stdafx.obj
e:\codetext\mfcapplication2\mfcapplication2\debug\mfcactivexcontroctrl1.obj
e:\codetext\mfcapplication2\mfcapplication2\debug\mfcapplication2.obj
e:\codetext\mfcapplication2\mfcapplication2\debug\mfcapplication2dlg.obj
e:\codetext\mfcapplication2\debug\mfcapplication2.ilk
e:\codetext\mfcapplication2\debug\mfcapplication2.exe
e:\codetext\mfcapplication2\debug\mfcapplication2.pdb
e:\codetext\mfcapplication2\mfcapplication2\debug\mfcapplication2.res
e:\codetext\mfcapplication2\mfcapplication2\debug\mfcapplication2.tlog\cl.command.1.tlog
e:\codetext\mfcapplication2\mfcapplication2\debug\mfcapplication2.tlog\cl.read.1.tlog
e:\codetext\mfcapplication2\mfcapplication2\debug\mfcapplication2.tlog\cl.write.1.tlog
e:\codetext\mfcapplication2\mfcapplication2\debug\mfcapplication2.tlog\link.command.1.tlog
e:\codetext\mfcapplication2\mfcapplication2\debug\mfcapplication2.tlog\link.read.1.tlog
e:\codetext\mfcapplication2\mfcapplication2\debug\mfcapplication2.tlog\link.write.1.tlog
e:\codetext\mfcapplication2\mfcapplication2\debug\mfcapplication2.tlog\rc.command.1.tlog
e:\codetext\mfcapplication2\mfcapplication2\debug\mfcapplication2.tlog\rc.read.1.tlog
e:\codetext\mfcapplication2\mfcapplication2\debug\mfcapplication2.tlog\rc.write.1.tlog
