生成启动时间为 2018/1/2 14:09:19。
     1>项目“E:\codeText\Clipboard\Clipboard\Clipboard.vcxproj”在节点 2 上(Build 个目标)。
     1>ClCompile:
         D:\VS2013\VC\bin\CL.exe /c /ZI /nologo /W3 /WX- /sdl /Od /Oy- /D WIN32 /D _WINDOWS /D _DEBUG /D _MBCS /D _AFXDLL /Gm /EHsc /RTC1 /MDd /GS /fp:precise /Zc:wchar_t /Zc:forScope /Yu"stdafx.h" /Fp"Debug\Clipboard.pch" /Fo"Debug\\" /Fd"Debug\vc120.pdb" /Gd /TP /analyze- /errorReport:prompt Clipboard.cpp ClipboardDlg.cpp
         ClipboardDlg.cpp
         正在生成代码...
         正在编译...
         Clipboard.cpp
         正在生成代码...
       ResourceCompile:
         C:\Program Files (x86)\Windows Kits\8.1\bin\x86\rc.exe /D _DEBUG /D _AFXDLL /l"0x0804" /IDebug\ /nologo /fo"Debug\Clipboard.res" Clipboard.rc 
       Link:
         D:\VS2013\VC\bin\link.exe /ERRORREPORT:PROMPT /OUT:"E:\codeText\Clipboard\Debug\Clipboard.exe" /INCREMENTAL /NOLOGO /MANIFEST /MANIFESTUAC:"level='asInvoker' uiAccess='false'" /manifest:embed /manifestinput:D:\VS2013\VC\Include\Manifest\dpiaware.manifest /DEBUG /PDB:"E:\codeText\Clipboard\Debug\Clipboard.pdb" /SUBSYSTEM:WINDOWS /TLBID:1 /DYNAMICBASE /NXCOMPAT /IMPLIB:"E:\codeText\Clipboard\Debug\Clipboard.lib" /MACHINE:X86 Debug\Clipboard.res
         Debug\Clipboard.obj
         Debug\ClipboardDlg.obj
         Debug\stdafx.obj
         Clipboard.vcxproj -> E:\codeText\Clipboard\Debug\Clipboard.exe
     1>已完成生成项目“E:\codeText\Clipboard\Clipboard\Clipboard.vcxproj”(Build 个目标)的操作。

生成成功。

已用时间 00:00:21.16
