e:\codetext\mfcactivexcontrol1\mfcactivexcontrol1\debug\mfcactivexcontrol1.pch
e:\codetext\mfcactivexcontrol1\mfcactivexcontrol1\debug\vc120.pdb
e:\codetext\mfcactivexcontrol1\mfcactivexcontrol1\debug\vc120.idb
e:\codetext\mfcactivexcontrol1\mfcactivexcontrol1\debug\stdafx.obj
e:\codetext\mfcactivexcontrol1\mfcactivexcontrol1\debug\mfcactivexcontrol1.obj
e:\codetext\mfcactivexcontrol1\mfcactivexcontrol1\debug\mfcactivexcontrol1ctrl.obj
e:\codetext\mfcactivexcontrol1\mfcactivexcontrol1\debug\mfcactivexcontrol1proppage.obj
e:\codetext\mfcactivexcontrol1\debug\mfcactivexcontrol1.ilk
e:\codetext\mfcactivexcontrol1\debug\mfcactivexcontrol1.ocx
e:\codetext\mfcactivexcontrol1\debug\mfcactivexcontrol1.pdb
e:\codetext\mfcactivexcontrol1\debug\mfcactivexcontrol1.lib
e:\codetext\mfcactivexcontrol1\debug\mfcactivexcontrol1.exp
e:\codetext\mfcactivexcontrol1\mfcactivexcontrol1\debug\mfcactivexcontrol1.tlb
e:\codetext\mfcactivexcontrol1\mfcactivexcontrol1\mfcactivexcontrol1_i.c
e:\codetext\mfcactivexcontrol1\mfcactivexcontrol1\mfcactivexcontrol1idl.h
e:\codetext\mfcactivexcontrol1\mfcactivexcontrol1\debug\mfcactivexcontrol1.res
e:\codetext\mfcactivexcontrol1\mfcactivexcontrol1\debug\mfcactiv.fb66de8c.tlog\cl.command.1.tlog
e:\codetext\mfcactivexcontrol1\mfcactivexcontrol1\debug\mfcactiv.fb66de8c.tlog\cl.read.1.tlog
e:\codetext\mfcactivexcontrol1\mfcactivexcontrol1\debug\mfcactiv.fb66de8c.tlog\cl.write.1.tlog
e:\codetext\mfcactivexcontrol1\mfcactivexcontrol1\debug\mfcactiv.fb66de8c.tlog\link.command.1.tlog
e:\codetext\mfcactivexcontrol1\mfcactivexcontrol1\debug\mfcactiv.fb66de8c.tlog\link.read.1.tlog
e:\codetext\mfcactivexcontrol1\mfcactivexcontrol1\debug\mfcactiv.fb66de8c.tlog\link.write.1.tlog
e:\codetext\mfcactivexcontrol1\mfcactivexcontrol1\debug\mfcactiv.fb66de8c.tlog\mfcactivexcontrol1.write.1u.tlog
e:\codetext\mfcactivexcontrol1\mfcactivexcontrol1\debug\mfcactiv.fb66de8c.tlog\midl.command.1.tlog
e:\codetext\mfcactivexcontrol1\mfcactivexcontrol1\debug\mfcactiv.fb66de8c.tlog\midl.read.1.tlog
e:\codetext\mfcactivexcontrol1\mfcactivexcontrol1\debug\mfcactiv.fb66de8c.tlog\midl.write.1.tlog
e:\codetext\mfcactivexcontrol1\mfcactivexcontrol1\debug\mfcactiv.fb66de8c.tlog\rc.command.1.tlog
e:\codetext\mfcactivexcontrol1\mfcactivexcontrol1\debug\mfcactiv.fb66de8c.tlog\rc.read.1.tlog
e:\codetext\mfcactivexcontrol1\mfcactivexcontrol1\debug\mfcactiv.fb66de8c.tlog\rc.write.1.tlog
