E:\CODETEXT\ACTIVEX\ACTIVEX\ACTIVEX_I.C
E:\CODETEXT\ACTIVEX\ACTIVEX\ACTIVEXIDL.H
E:\CODETEXT\ACTIVEX\ACTIVEX\DEBUG\ACTIVEX.OBJ
E:\CODETEXT\ACTIVEX\ACTIVEX\DEBUG\ACTIVEX.OCX.EMBED.MANIFEST
E:\CODETEXT\ACTIVEX\ACTIVEX\DEBUG\ACTIVEX.OCX.EMBED.MANIFEST.RES
E:\CODETEXT\ACTIVEX\ACTIVEX\DEBUG\ACTIVEX.OCX.INTERMEDIATE.MANIFEST
E:\CODETEXT\ACTIVEX\ACTIVEX\DEBUG\ACTIVEX.PCH
E:\CODETEXT\ACTIVEX\ACTIVEX\DEBUG\ACTIVEX.RES
E:\CODETEXT\ACTIVEX\ACTIVEX\DEBUG\ACTIVEX.TLB
E:\codeText\ActiveX\ActiveX\Debug\ActiveX.write.1.tlog
E:\codeText\ActiveX\ActiveX\Debug\ActiveX_manifest.rc
E:\CODETEXT\ACTIVEX\ACTIVEX\DEBUG\ACTIVEXCTRL.OBJ
E:\CODETEXT\ACTIVEX\ACTIVEX\DEBUG\ACTIVEXPROPPAGE.OBJ
E:\codeText\ActiveX\ActiveX\Debug\cl.command.1.tlog
E:\codeText\ActiveX\ActiveX\Debug\CL.read.1.tlog
E:\codeText\ActiveX\ActiveX\Debug\CL.write.1.tlog
E:\codeText\ActiveX\ActiveX\Debug\link.command.1.tlog
E:\codeText\ActiveX\ActiveX\Debug\link.read.1.tlog
E:\codeText\ActiveX\ActiveX\Debug\link.write.1.tlog
E:\codeText\ActiveX\ActiveX\Debug\link-cvtres.read.1.tlog
E:\codeText\ActiveX\ActiveX\Debug\link-cvtres.write.1.tlog
E:\codeText\ActiveX\ActiveX\Debug\midl.command.1.tlog
E:\codeText\ActiveX\ActiveX\Debug\midl.read.1.tlog
E:\codeText\ActiveX\ActiveX\Debug\midl.write.1.tlog
E:\codeText\ActiveX\ActiveX\Debug\midl-midlc.read.1.tlog
E:\codeText\ActiveX\ActiveX\Debug\midl-midlc.write.1.tlog
E:\codeText\ActiveX\ActiveX\Debug\midl-midlc-cl.read.1.tlog
E:\codeText\ActiveX\ActiveX\Debug\mt.command.1.tlog
E:\codeText\ActiveX\ActiveX\Debug\mt.read.1.tlog
E:\codeText\ActiveX\ActiveX\Debug\mt.write.1.tlog
E:\codeText\ActiveX\ActiveX\Debug\rc.command.1.tlog
E:\codeText\ActiveX\ActiveX\Debug\rc.read.1.tlog
E:\codeText\ActiveX\ActiveX\Debug\rc.write.1.tlog
E:\CODETEXT\ACTIVEX\ACTIVEX\DEBUG\STDAFX.OBJ
E:\codeText\ActiveX\ActiveX\Debug\vc100.idb
E:\CODETEXT\ACTIVEX\ACTIVEX\DEBUG\VC100.PDB
E:\codeText\ActiveX\Debug\ActiveX.exp
E:\CODETEXT\ACTIVEX\DEBUG\ACTIVEX.ILK
E:\codeText\ActiveX\Debug\ActiveX.lib
E:\CODETEXT\ACTIVEX\DEBUG\ACTIVEX.OCX
E:\CODETEXT\ACTIVEX\DEBUG\ACTIVEX.PDB
