e:\codetext\child\child\debug\child.pch
e:\codetext\child\child\debug\vc120.pdb
e:\codetext\child\child\debug\vc120.idb
e:\codetext\child\child\debug\stdafx.obj
e:\codetext\child\child\debug\child.obj
e:\codetext\child\child\debug\childdoc.obj
e:\codetext\child\child\debug\childview.obj
e:\codetext\child\child\debug\mainfrm.obj
e:\codetext\child\debug\child.ilk
e:\codetext\child\debug\child.exe
e:\codetext\child\debug\child.pdb
e:\codetext\child\child\debug\child.res
e:\codetext\child\child\debug\child.tlog\cl.command.1.tlog
e:\codetext\child\child\debug\child.tlog\cl.read.1.tlog
e:\codetext\child\child\debug\child.tlog\cl.write.1.tlog
e:\codetext\child\child\debug\child.tlog\link.command.1.tlog
e:\codetext\child\child\debug\child.tlog\link.read.1.tlog
e:\codetext\child\child\debug\child.tlog\link.write.1.tlog
e:\codetext\child\child\debug\child.tlog\rc.command.1.tlog
e:\codetext\child\child\debug\child.tlog\rc.read.1.tlog
e:\codetext\child\child\debug\child.tlog\rc.write.1.tlog
