e:\codetext\namepipeclt\debug\namepipeclt.pch
e:\codetext\namepipeclt\debug\vc120.pdb
e:\codetext\namepipeclt\debug\vc120.idb
e:\codetext\namepipeclt\debug\stdafx.obj
e:\codetext\namepipeclt\debug\mainfrm.obj
e:\codetext\namepipeclt\debug\namepipeclt.obj
e:\codetext\namepipeclt\debug\namepipecltdoc.obj
e:\codetext\namepipeclt\debug\namepipecltview.obj
e:\codetext\namepipeclt\debug\namepipeclt.ilk
e:\codetext\namepipeclt\debug\namepipeclt.exe
e:\codetext\namepipeclt\debug\namepipeclt.pdb
e:\codetext\namepipeclt\debug\namepipeclt.res
e:\codetext\namepipeclt\debug\namepipeclt.tlog\cl.command.1.tlog
e:\codetext\namepipeclt\debug\namepipeclt.tlog\cl.read.1.tlog
e:\codetext\namepipeclt\debug\namepipeclt.tlog\cl.write.1.tlog
e:\codetext\namepipeclt\debug\namepipeclt.tlog\link.command.1.tlog
e:\codetext\namepipeclt\debug\namepipeclt.tlog\link.read.1.tlog
e:\codetext\namepipeclt\debug\namepipeclt.tlog\link.write.1.tlog
e:\codetext\namepipeclt\debug\namepipeclt.tlog\rc.command.1.tlog
e:\codetext\namepipeclt\debug\namepipeclt.tlog\rc.read.1.tlog
e:\codetext\namepipeclt\debug\namepipeclt.tlog\rc.write.1.tlog
