生成启动时间为 2017/8/23 15:21:44。
     1>项目“E:\codeText\MFCApplication5\MFCApplication5\MFCApplication5.vcxproj”在节点 2 上(Build 个目标)。
     1>ClCompile:
         D:\VS2013\VC\bin\CL.exe /c /ZI /nologo /W3 /WX- /sdl /Od /Oy- /D WIN32 /D _WINDOWS /D _DEBUG /D _UNICODE /D UNICODE /D _AFXDLL /Gm /EHsc /RTC1 /MDd /GS /fp:precise /Zc:wchar_t /Zc:forScope /Yu"stdafx.h" /Fp"Debug\MFCApplication5.pch" /Fo"Debug\\" /Fd"Debug\vc120.pdb" /Gd /TP /analyze- /errorReport:prompt MFCApplication5.cpp MainFrm.cpp
         MainFrm.cpp
         正在生成代码...
         正在跳过...(未检测到相关更改)
         MFCApplication5.cpp
       Link:
         D:\VS2013\VC\bin\link.exe /ERRORREPORT:PROMPT /OUT:"E:\codeText\MFCApplication5\Debug\MFCApplication5.exe" /INCREMENTAL /NOLOGO /MANIFEST /MANIFESTUAC:"level='asInvoker' uiAccess='false'" /manifest:embed /manifestinput:D:\VS2013\VC\Include\Manifest\dpiaware.manifest /DEBUG /PDB:"E:\codeText\MFCApplication5\Debug\MFCApplication5.pdb" /SUBSYSTEM:WINDOWS /TLBID:1 /ENTRY:"wWinMainCRTStartup" /DYNAMICBASE /NXCOMPAT /IMPLIB:"E:\codeText\MFCApplication5\Debug\MFCApplication5.lib" /MACHINE:X86 Debug\MFCApplication5.res
         Debug\ChildFrm.obj
         Debug\MainFrm.obj
         Debug\MFCApplication5.obj
         Debug\MFCApplication5Doc.obj
         Debug\MFCApplication5View.obj
         Debug\stdafx.obj
         MFCApplication5.vcxproj -> E:\codeText\MFCApplication5\Debug\MFCApplication5.exe
     1>已完成生成项目“E:\codeText\MFCApplication5\MFCApplication5\MFCApplication5.vcxproj”(Build 个目标)的操作。

生成成功。

已用时间 00:00:21.12
