e:\codetext\mfcdll\mfcdll\debug\mfcdll.pch
e:\codetext\mfcdll\mfcdll\debug\vc120.pdb
e:\codetext\mfcdll\mfcdll\debug\vc120.idb
e:\codetext\mfcdll\mfcdll\debug\stdafx.obj
e:\codetext\mfcdll\mfcdll\debug\mfcdll.obj
e:\codetext\mfcdll\debug\mfcdll.ilk
e:\codetext\mfcdll\debug\mfcdll.dll
e:\codetext\mfcdll\debug\mfcdll.pdb
e:\codetext\mfcdll\debug\mfcdll.lib
e:\codetext\mfcdll\debug\mfcdll.exp
e:\codetext\mfcdll\mfcdll\debug\mfcdll.res
e:\codetext\mfcdll\mfcdll\debug\mfcdll.tlog\cl.command.1.tlog
e:\codetext\mfcdll\mfcdll\debug\mfcdll.tlog\cl.read.1.tlog
e:\codetext\mfcdll\mfcdll\debug\mfcdll.tlog\cl.write.1.tlog
e:\codetext\mfcdll\mfcdll\debug\mfcdll.tlog\link.command.1.tlog
e:\codetext\mfcdll\mfcdll\debug\mfcdll.tlog\link.read.1.tlog
e:\codetext\mfcdll\mfcdll\debug\mfcdll.tlog\link.write.1.tlog
e:\codetext\mfcdll\mfcdll\debug\mfcdll.tlog\mfcdll.write.1u.tlog
e:\codetext\mfcdll\mfcdll\debug\mfcdll.tlog\rc.command.1.tlog
e:\codetext\mfcdll\mfcdll\debug\mfcdll.tlog\rc.read.1.tlog
e:\codetext\mfcdll\mfcdll\debug\mfcdll.tlog\rc.write.1.tlog
