[1228/142314:FATAL:resource_scheduler.cc(891)] Check failed: client_map_.empty(). 
Backtrace:
	QtWebEngineCore::BrowserContextAdapter::isOffTheRecord [0x000000018248D5F6+38886]
	QtWebEngineCore::BrowserContextAdapter::customUrlSchemeHandlers [0x00000001823936BD+6900013]
	QtWebEngineCore::CookieMonsterDelegateQt::canSetCookie [0x0000000180A96C1E+2396974]
	QtWebEngineCore::CookieMonsterDelegateQt::canSetCookie [0x00000001808A3D4C+353372]
	QtWebEngineCore::CookieMonsterDelegateQt::canSetCookie [0x00000001808A398E+352414]
	QtWebEngineCore::CookieMonsterDelegateQt::canSetCookie [0x00000001808C0B9F+471727]
	QtWebEngineCore::CookieMonsterDelegateQt::canSetCookie [0x00000001808C0B05+471573]
	QtWebEngineCore::CookieMonsterDelegateQt::canSetCookie [0x00000001808AE9A6+397494]
	QtWebEngineCore::FilePickerController::mode [0x00000001814201D1+5171185]
	QtWebEngineCore::CookieMonsterDelegateQt::canSetCookie [0x0000000180A8C85A+2355050]
	CertificateErrorController::CertificateErrorController [0x0000000183365AA7+751527]
	QtWebEngineCore::CookieMonsterDelegateQt::canSetCookie [0x0000000180D05D3D+4949069]
	QtWebEngineCore::BrowserContextAdapter::isOffTheRecord [0x00000001824B4072+197218]
	QtWebEngineCore::BrowserContextAdapter::customUrlSchemeHandlers [0x00000001823A9EFE+6992238]
	QtWebEngineCore::BrowserContextAdapter::customUrlSchemeHandlers [0x00000001823A8001+6984305]
	QtWebEngineCore::BrowserContextAdapter::customUrlSchemeHandlers [0x00000001823A86A4+6986004]
	QtWebEngineCore::BrowserContextAdapter::isOffTheRecord [0x00000001824B7C3C+212524]
	QtWebEngineCore::BrowserContextAdapter::isOffTheRecord [0x00000001824B9B40+220464]
	QtWebEngineCore::BrowserContextAdapter::isOffTheRecord [0x00000001824B9A95+220293]
	QtWebEngineCore::BrowserContextAdapter::customUrlSchemeHandlers [0x00000001823A9C93+6991619]
	QtWebEngineCore::BrowserContextAdapter::customUrlSchemeHandlers [0x00000001823ECB1B+7265675]
	QtWebEngineCore::BrowserContextAdapter::customUrlSchemeHandlers [0x00000001823A9B13+6991235]
	QtWebEngineCore::BrowserContextAdapter::customUrlSchemeHandlers [0x000000018241104D+7414461]
	WebEngineError::operator= [0x00000001807E96C6+363830]
	WebEngineError::operator= [0x00000001807EA7BC+368172]
	QtWebEngineCore::BrowserContextAdapter::customUrlSchemeHandlers [0x0000000182411E78+7418088]
	QtWebEngineCore::BrowserContextAdapter::customUrlSchemeHandlers [0x000000018241C190+7459840]
	BaseThreadInitThunk [0x00007FF93DA93034+20]
	RtlUserThreadStart [0x00007FF93FC23691+33]

[1228/142847:FATAL:resource_scheduler.cc(891)] Check failed: client_map_.empty(). 
Backtrace:
	QtWebEngineCore::BrowserContextAdapter::isOffTheRecord [0x000000018248D5F6+38886]
	QtWebEngineCore::BrowserContextAdapter::customUrlSchemeHandlers [0x00000001823936BD+6900013]
	QtWebEngineCore::CookieMonsterDelegateQt::canSetCookie [0x0000000180A96C1E+2396974]
	QtWebEngineCore::CookieMonsterDelegateQt::canSetCookie [0x00000001808A3D4C+353372]
	QtWebEngineCore::CookieMonsterDelegateQt::canSetCookie [0x00000001808A398E+352414]
	QtWebEngineCore::CookieMonsterDelegateQt::canSetCookie [0x00000001808C0B9F+471727]
	QtWebEngineCore::CookieMonsterDelegateQt::canSetCookie [0x00000001808C0B05+471573]
	QtWebEngineCore::CookieMonsterDelegateQt::canSetCookie [0x00000001808AE9A6+397494]
	QtWebEngineCore::FilePickerController::mode [0x00000001814201D1+5171185]
	QtWebEngineCore::CookieMonsterDelegateQt::canSetCookie [0x0000000180A8C85A+2355050]
	CertificateErrorController::CertificateErrorController [0x0000000183365AA7+751527]
	QtWebEngineCore::CookieMonsterDelegateQt::canSetCookie [0x0000000180D05D3D+4949069]
	QtWebEngineCore::BrowserContextAdapter::isOffTheRecord [0x00000001824B4072+197218]
	QtWebEngineCore::BrowserContextAdapter::customUrlSchemeHandlers [0x00000001823A9EFE+6992238]
	QtWebEngineCore::BrowserContextAdapter::customUrlSchemeHandlers [0x00000001823A8001+6984305]
	QtWebEngineCore::BrowserContextAdapter::customUrlSchemeHandlers [0x00000001823A86A4+6986004]
	QtWebEngineCore::BrowserContextAdapter::isOffTheRecord [0x00000001824B7C3C+212524]
	QtWebEngineCore::BrowserContextAdapter::isOffTheRecord [0x00000001824B9B40+220464]
	QtWebEngineCore::BrowserContextAdapter::isOffTheRecord [0x00000001824B9A95+220293]
	QtWebEngineCore::BrowserContextAdapter::customUrlSchemeHandlers [0x00000001823A9C93+6991619]
	QtWebEngineCore::BrowserContextAdapter::customUrlSchemeHandlers [0x00000001823ECB1B+7265675]
	QtWebEngineCore::BrowserContextAdapter::customUrlSchemeHandlers [0x00000001823A9B13+6991235]
	QtWebEngineCore::BrowserContextAdapter::customUrlSchemeHandlers [0x000000018241104D+7414461]
	WebEngineError::operator= [0x00000001807E96C6+363830]
	WebEngineError::operator= [0x00000001807EA7BC+368172]
	QtWebEngineCore::BrowserContextAdapter::customUrlSchemeHandlers [0x0000000182411E78+7418088]
	QtWebEngineCore::BrowserContextAdapter::customUrlSchemeHandlers [0x000000018241C190+7459840]
	BaseThreadInitThunk [0x00007FF93DA93034+20]
	RtlUserThreadStart [0x00007FF93FC23691+33]

[1228/143229:FATAL:resource_scheduler.cc(891)] Check failed: client_map_.empty(). 
Backtrace:
	QtWebEngineCore::BrowserContextAdapter::isOffTheRecord [0x000000018248D5F6+38886]
	QtWebEngineCore::BrowserContextAdapter::customUrlSchemeHandlers [0x00000001823936BD+6900013]
	QtWebEngineCore::CookieMonsterDelegateQt::canSetCookie [0x0000000180A96C1E+2396974]
	QtWebEngineCore::CookieMonsterDelegateQt::canSetCookie [0x00000001808A3D4C+353372]
	QtWebEngineCore::CookieMonsterDelegateQt::canSetCookie [0x00000001808A398E+352414]
	QtWebEngineCore::CookieMonsterDelegateQt::canSetCookie [0x00000001808C0B9F+471727]
	QtWebEngineCore::CookieMonsterDelegateQt::canSetCookie [0x00000001808C0B05+471573]
	QtWebEngineCore::CookieMonsterDelegateQt::canSetCookie [0x00000001808AE9A6+397494]
	QtWebEngineCore::FilePickerController::mode [0x00000001814201D1+5171185]
	QtWebEngineCore::CookieMonsterDelegateQt::canSetCookie [0x0000000180A8C85A+2355050]
	CertificateErrorController::CertificateErrorController [0x0000000183365AA7+751527]
	QtWebEngineCore::CookieMonsterDelegateQt::canSetCookie [0x0000000180D05D3D+4949069]
	QtWebEngineCore::BrowserContextAdapter::isOffTheRecord [0x00000001824B4072+197218]
	QtWebEngineCore::BrowserContextAdapter::customUrlSchemeHandlers [0x00000001823A9EFE+6992238]
	QtWebEngineCore::BrowserContextAdapter::customUrlSchemeHandlers [0x00000001823A8001+6984305]
	QtWebEngineCore::BrowserContextAdapter::customUrlSchemeHandlers [0x00000001823A86A4+6986004]
	QtWebEngineCore::BrowserContextAdapter::isOffTheRecord [0x00000001824B7C3C+212524]
	QtWebEngineCore::BrowserContextAdapter::isOffTheRecord [0x00000001824B9B40+220464]
	QtWebEngineCore::BrowserContextAdapter::isOffTheRecord [0x00000001824B9A95+220293]
	QtWebEngineCore::BrowserContextAdapter::customUrlSchemeHandlers [0x00000001823A9C93+6991619]
	QtWebEngineCore::BrowserContextAdapter::customUrlSchemeHandlers [0x00000001823ECB1B+7265675]
	QtWebEngineCore::BrowserContextAdapter::customUrlSchemeHandlers [0x00000001823A9B13+6991235]
	QtWebEngineCore::BrowserContextAdapter::customUrlSchemeHandlers [0x000000018241104D+7414461]
	WebEngineError::operator= [0x00000001807E96C6+363830]
	WebEngineError::operator= [0x00000001807EA7BC+368172]
	QtWebEngineCore::BrowserContextAdapter::customUrlSchemeHandlers [0x0000000182411E78+7418088]
	QtWebEngineCore::BrowserContextAdapter::customUrlSchemeHandlers [0x000000018241C190+7459840]
	BaseThreadInitThunk [0x00007FF93DA93034+20]
	RtlUserThreadStart [0x00007FF93FC23691+33]

[1228/143456:FATAL:resource_scheduler.cc(891)] Check failed: client_map_.empty(). 
Backtrace:
	QtWebEngineCore::BrowserContextAdapter::isOffTheRecord [0x000000018248D5F6+38886]
	QtWebEngineCore::BrowserContextAdapter::customUrlSchemeHandlers [0x00000001823936BD+6900013]
	QtWebEngineCore::CookieMonsterDelegateQt::canSetCookie [0x0000000180A96C1E+2396974]
	QtWebEngineCore::CookieMonsterDelegateQt::canSetCookie [0x00000001808A3D4C+353372]
	QtWebEngineCore::CookieMonsterDelegateQt::canSetCookie [0x00000001808A398E+352414]
	QtWebEngineCore::CookieMonsterDelegateQt::canSetCookie [0x00000001808C0B9F+471727]
	QtWebEngineCore::CookieMonsterDelegateQt::canSetCookie [0x00000001808C0B05+471573]
	QtWebEngineCore::CookieMonsterDelegateQt::canSetCookie [0x00000001808AE9A6+397494]
	QtWebEngineCore::FilePickerController::mode [0x00000001814201D1+5171185]
	QtWebEngineCore::CookieMonsterDelegateQt::canSetCookie [0x0000000180A8C85A+2355050]
	CertificateErrorController::CertificateErrorController [0x0000000183365AA7+751527]
	QtWebEngineCore::CookieMonsterDelegateQt::canSetCookie [0x0000000180D05D3D+4949069]
	QtWebEngineCore::BrowserContextAdapter::isOffTheRecord [0x00000001824B4072+197218]
	QtWebEngineCore::BrowserContextAdapter::customUrlSchemeHandlers [0x00000001823A9EFE+6992238]
	QtWebEngineCore::BrowserContextAdapter::customUrlSchemeHandlers [0x00000001823A8001+6984305]
	QtWebEngineCore::BrowserContextAdapter::customUrlSchemeHandlers [0x00000001823A86A4+6986004]
	QtWebEngineCore::BrowserContextAdapter::isOffTheRecord [0x00000001824B7C3C+212524]
	QtWebEngineCore::BrowserContextAdapter::isOffTheRecord [0x00000001824B9B40+220464]
	QtWebEngineCore::BrowserContextAdapter::isOffTheRecord [0x00000001824B9A95+220293]
	QtWebEngineCore::BrowserContextAdapter::customUrlSchemeHandlers [0x00000001823A9C93+6991619]
	QtWebEngineCore::BrowserContextAdapter::customUrlSchemeHandlers [0x00000001823ECB1B+7265675]
	QtWebEngineCore::BrowserContextAdapter::customUrlSchemeHandlers [0x00000001823A9B13+6991235]
	QtWebEngineCore::BrowserContextAdapter::customUrlSchemeHandlers [0x000000018241104D+7414461]
	WebEngineError::operator= [0x00000001807E96C6+363830]
	WebEngineError::operator= [0x00000001807EA7BC+368172]
	QtWebEngineCore::BrowserContextAdapter::customUrlSchemeHandlers [0x0000000182411E78+7418088]
	QtWebEngineCore::BrowserContextAdapter::customUrlSchemeHandlers [0x000000018241C190+7459840]
	BaseThreadInitThunk [0x00007FF93DA93034+20]
	RtlUserThreadStart [0x00007FF93FC23691+33]

[1228/145455:FATAL:resource_scheduler.cc(891)] Check failed: client_map_.empty(). 
Backtrace:
	QtWebEngineCore::BrowserContextAdapter::isOffTheRecord [0x000000018248D5F6+38886]
	QtWebEngineCore::BrowserContextAdapter::customUrlSchemeHandlers [0x00000001823936BD+6900013]
	QtWebEngineCore::CookieMonsterDelegateQt::canSetCookie [0x0000000180A96C1E+2396974]
	QtWebEngineCore::CookieMonsterDelegateQt::canSetCookie [0x00000001808A3D4C+353372]
	QtWebEngineCore::CookieMonsterDelegateQt::canSetCookie [0x00000001808A398E+352414]
	QtWebEngineCore::CookieMonsterDelegateQt::canSetCookie [0x00000001808C0B9F+471727]
	QtWebEngineCore::CookieMonsterDelegateQt::canSetCookie [0x00000001808C0B05+471573]
	QtWebEngineCore::CookieMonsterDelegateQt::canSetCookie [0x00000001808AE9A6+397494]
	QtWebEngineCore::FilePickerController::mode [0x00000001814201D1+5171185]
	QtWebEngineCore::CookieMonsterDelegateQt::canSetCookie [0x0000000180A8C85A+2355050]
	CertificateErrorController::CertificateErrorController [0x0000000183365AA7+751527]
	QtWebEngineCore::CookieMonsterDelegateQt::canSetCookie [0x0000000180D05D3D+4949069]
	QtWebEngineCore::BrowserContextAdapter::isOffTheRecord [0x00000001824B4072+197218]
	QtWebEngineCore::BrowserContextAdapter::customUrlSchemeHandlers [0x00000001823A9EFE+6992238]
	QtWebEngineCore::BrowserContextAdapter::customUrlSchemeHandlers [0x00000001823A8001+6984305]
	QtWebEngineCore::BrowserContextAdapter::customUrlSchemeHandlers [0x00000001823A86A4+6986004]
	QtWebEngineCore::BrowserContextAdapter::isOffTheRecord [0x00000001824B7C3C+212524]
	QtWebEngineCore::BrowserContextAdapter::isOffTheRecord [0x00000001824B9B40+220464]
	QtWebEngineCore::BrowserContextAdapter::isOffTheRecord [0x00000001824B9A95+220293]
	QtWebEngineCore::BrowserContextAdapter::customUrlSchemeHandlers [0x00000001823A9C93+6991619]
	QtWebEngineCore::BrowserContextAdapter::customUrlSchemeHandlers [0x00000001823ECB1B+7265675]
	QtWebEngineCore::BrowserContextAdapter::customUrlSchemeHandlers [0x00000001823A9B13+6991235]
	QtWebEngineCore::BrowserContextAdapter::customUrlSchemeHandlers [0x000000018241104D+7414461]
	WebEngineError::operator= [0x00000001807E96C6+363830]
	WebEngineError::operator= [0x00000001807EA7BC+368172]
	QtWebEngineCore::BrowserContextAdapter::customUrlSchemeHandlers [0x0000000182411E78+7418088]
	QtWebEngineCore::BrowserContextAdapter::customUrlSchemeHandlers [0x000000018241C190+7459840]
	BaseThreadInitThunk [0x00007FF93DA93034+20]
	RtlUserThreadStart [0x00007FF93FC23691+33]

[1228/145655:FATAL:resource_scheduler.cc(891)] Check failed: client_map_.empty(). 
Backtrace:
	QtWebEngineCore::BrowserContextAdapter::isOffTheRecord [0x000000018248D5F6+38886]
	QtWebEngineCore::BrowserContextAdapter::customUrlSchemeHandlers [0x00000001823936BD+6900013]
	QtWebEngineCore::CookieMonsterDelegateQt::canSetCookie [0x0000000180A96C1E+2396974]
	QtWebEngineCore::CookieMonsterDelegateQt::canSetCookie [0x00000001808A3D4C+353372]
	QtWebEngineCore::CookieMonsterDelegateQt::canSetCookie [0x00000001808A398E+352414]
	QtWebEngineCore::CookieMonsterDelegateQt::canSetCookie [0x00000001808C0B9F+471727]
	QtWebEngineCore::CookieMonsterDelegateQt::canSetCookie [0x00000001808C0B05+471573]
	QtWebEngineCore::CookieMonsterDelegateQt::canSetCookie [0x00000001808AE9A6+397494]
	QtWebEngineCore::FilePickerController::mode [0x00000001814201D1+5171185]
	QtWebEngineCore::CookieMonsterDelegateQt::canSetCookie [0x0000000180A8C85A+2355050]
	CertificateErrorController::CertificateErrorController [0x0000000183365AA7+751527]
	QtWebEngineCore::CookieMonsterDelegateQt::canSetCookie [0x0000000180D05D3D+4949069]
	QtWebEngineCore::BrowserContextAdapter::isOffTheRecord [0x00000001824B4072+197218]
	QtWebEngineCore::BrowserContextAdapter::customUrlSchemeHandlers [0x00000001823A9EFE+6992238]
	QtWebEngineCore::BrowserContextAdapter::customUrlSchemeHandlers [0x00000001823A8001+6984305]
	QtWebEngineCore::BrowserContextAdapter::customUrlSchemeHandlers [0x00000001823A86A4+6986004]
	QtWebEngineCore::BrowserContextAdapter::isOffTheRecord [0x00000001824B7C3C+212524]
	QtWebEngineCore::BrowserContextAdapter::isOffTheRecord [0x00000001824B9B40+220464]
	QtWebEngineCore::BrowserContextAdapter::isOffTheRecord [0x00000001824B9A95+220293]
	QtWebEngineCore::BrowserContextAdapter::customUrlSchemeHandlers [0x00000001823A9C93+6991619]
	QtWebEngineCore::BrowserContextAdapter::customUrlSchemeHandlers [0x00000001823ECB1B+7265675]
	QtWebEngineCore::BrowserContextAdapter::customUrlSchemeHandlers [0x00000001823A9B13+6991235]
	QtWebEngineCore::BrowserContextAdapter::customUrlSchemeHandlers [0x000000018241104D+7414461]
	WebEngineError::operator= [0x00000001807E96C6+363830]
	WebEngineError::operator= [0x00000001807EA7BC+368172]
	QtWebEngineCore::BrowserContextAdapter::customUrlSchemeHandlers [0x0000000182411E78+7418088]
	QtWebEngineCore::BrowserContextAdapter::customUrlSchemeHandlers [0x000000018241C190+7459840]
	BaseThreadInitThunk [0x00007FF93DA93034+20]
	RtlUserThreadStart [0x00007FF93FC23691+33]

[1228/152022:FATAL:resource_scheduler.cc(891)] Check failed: client_map_.empty(). 
Backtrace:
	QtWebEngineCore::BrowserContextAdapter::isOffTheRecord [0x000000018248D5F6+38886]
	QtWebEngineCore::BrowserContextAdapter::customUrlSchemeHandlers [0x00000001823936BD+6900013]
	QtWebEngineCore::CookieMonsterDelegateQt::canSetCookie [0x0000000180A96C1E+2396974]
	QtWebEngineCore::CookieMonsterDelegateQt::canSetCookie [0x00000001808A3D4C+353372]
	QtWebEngineCore::CookieMonsterDelegateQt::canSetCookie [0x00000001808A398E+352414]
	QtWebEngineCore::CookieMonsterDelegateQt::canSetCookie [0x00000001808C0B9F+471727]
	QtWebEngineCore::CookieMonsterDelegateQt::canSetCookie [0x00000001808C0B05+471573]
	QtWebEngineCore::CookieMonsterDelegateQt::canSetCookie [0x00000001808AE9A6+397494]
	QtWebEngineCore::FilePickerController::mode [0x00000001814201D1+5171185]
	QtWebEngineCore::CookieMonsterDelegateQt::canSetCookie [0x0000000180A8C85A+2355050]
	CertificateErrorController::CertificateErrorController [0x0000000183365AA7+751527]
	QtWebEngineCore::CookieMonsterDelegateQt::canSetCookie [0x0000000180D05D3D+4949069]
	QtWebEngineCore::BrowserContextAdapter::isOffTheRecord [0x00000001824B4072+197218]
	QtWebEngineCore::BrowserContextAdapter::customUrlSchemeHandlers [0x00000001823A9EFE+6992238]
	QtWebEngineCore::BrowserContextAdapter::customUrlSchemeHandlers [0x00000001823A8001+6984305]
	QtWebEngineCore::BrowserContextAdapter::customUrlSchemeHandlers [0x00000001823A86A4+6986004]
	QtWebEngineCore::BrowserContextAdapter::isOffTheRecord [0x00000001824B7C3C+212524]
	QtWebEngineCore::BrowserContextAdapter::isOffTheRecord [0x00000001824B9B40+220464]
	QtWebEngineCore::BrowserContextAdapter::isOffTheRecord [0x00000001824B9A95+220293]
	QtWebEngineCore::BrowserContextAdapter::customUrlSchemeHandlers [0x00000001823A9C93+6991619]
	QtWebEngineCore::BrowserContextAdapter::customUrlSchemeHandlers [0x00000001823ECB1B+7265675]
	QtWebEngineCore::BrowserContextAdapter::customUrlSchemeHandlers [0x00000001823A9B13+6991235]
	QtWebEngineCore::BrowserContextAdapter::customUrlSchemeHandlers [0x000000018241104D+7414461]
	WebEngineError::operator= [0x00000001807E96C6+363830]
	WebEngineError::operator= [0x00000001807EA7BC+368172]
	QtWebEngineCore::BrowserContextAdapter::customUrlSchemeHandlers [0x0000000182411E78+7418088]
	QtWebEngineCore::BrowserContextAdapter::customUrlSchemeHandlers [0x000000018241C190+7459840]
	BaseThreadInitThunk [0x00007FF93DA93034+20]
	RtlUserThreadStart [0x00007FF93FC23691+33]

[1228/152205:FATAL:resource_scheduler.cc(891)] Check failed: client_map_.empty(). 
Backtrace:
	QtWebEngineCore::BrowserContextAdapter::isOffTheRecord [0x000000018248D5F6+38886]
	QtWebEngineCore::BrowserContextAdapter::customUrlSchemeHandlers [0x00000001823936BD+6900013]
	QtWebEngineCore::CookieMonsterDelegateQt::canSetCookie [0x0000000180A96C1E+2396974]
	QtWebEngineCore::CookieMonsterDelegateQt::canSetCookie [0x00000001808A3D4C+353372]
	QtWebEngineCore::CookieMonsterDelegateQt::canSetCookie [0x00000001808A398E+352414]
	QtWebEngineCore::CookieMonsterDelegateQt::canSetCookie [0x00000001808C0B9F+471727]
	QtWebEngineCore::CookieMonsterDelegateQt::canSetCookie [0x00000001808C0B05+471573]
	QtWebEngineCore::CookieMonsterDelegateQt::canSetCookie [0x00000001808AE9A6+397494]
	QtWebEngineCore::FilePickerController::mode [0x00000001814201D1+5171185]
	QtWebEngineCore::CookieMonsterDelegateQt::canSetCookie [0x0000000180A8C85A+2355050]
	CertificateErrorController::CertificateErrorController [0x0000000183365AA7+751527]
	QtWebEngineCore::CookieMonsterDelegateQt::canSetCookie [0x0000000180D05D3D+4949069]
	QtWebEngineCore::BrowserContextAdapter::isOffTheRecord [0x00000001824B4072+197218]
	QtWebEngineCore::BrowserContextAdapter::customUrlSchemeHandlers [0x00000001823A9EFE+6992238]
	QtWebEngineCore::BrowserContextAdapter::customUrlSchemeHandlers [0x00000001823A8001+6984305]
	QtWebEngineCore::BrowserContextAdapter::customUrlSchemeHandlers [0x00000001823A86A4+6986004]
	QtWebEngineCore::BrowserContextAdapter::isOffTheRecord [0x00000001824B7C3C+212524]
	QtWebEngineCore::BrowserContextAdapter::isOffTheRecord [0x00000001824B9B40+220464]
	QtWebEngineCore::BrowserContextAdapter::isOffTheRecord [0x00000001824B9A95+220293]
	QtWebEngineCore::BrowserContextAdapter::customUrlSchemeHandlers [0x00000001823A9C93+6991619]
	QtWebEngineCore::BrowserContextAdapter::customUrlSchemeHandlers [0x00000001823ECB1B+7265675]
	QtWebEngineCore::BrowserContextAdapter::customUrlSchemeHandlers [0x00000001823A9B13+6991235]
	QtWebEngineCore::BrowserContextAdapter::customUrlSchemeHandlers [0x000000018241104D+7414461]
	WebEngineError::operator= [0x00000001807E96C6+363830]
	WebEngineError::operator= [0x00000001807EA7BC+368172]
	QtWebEngineCore::BrowserContextAdapter::customUrlSchemeHandlers [0x0000000182411E78+7418088]
	QtWebEngineCore::BrowserContextAdapter::customUrlSchemeHandlers [0x000000018241C190+7459840]
	BaseThreadInitThunk [0x00007FF93DA93034+20]
	RtlUserThreadStart [0x00007FF93FC23691+33]

[1228/154035:FATAL:resource_scheduler.cc(891)] Check failed: client_map_.empty(). 
Backtrace:
	QtWebEngineCore::BrowserContextAdapter::isOffTheRecord [0x000000018248D5F6+38886]
	QtWebEngineCore::BrowserContextAdapter::customUrlSchemeHandlers [0x00000001823936BD+6900013]
	QtWebEngineCore::CookieMonsterDelegateQt::canSetCookie [0x0000000180A96C1E+2396974]
	QtWebEngineCore::CookieMonsterDelegateQt::canSetCookie [0x00000001808A3D4C+353372]
	QtWebEngineCore::CookieMonsterDelegateQt::canSetCookie [0x00000001808A398E+352414]
	QtWebEngineCore::CookieMonsterDelegateQt::canSetCookie [0x00000001808C0B9F+471727]
	QtWebEngineCore::CookieMonsterDelegateQt::canSetCookie [0x00000001808C0B05+471573]
	QtWebEngineCore::CookieMonsterDelegateQt::canSetCookie [0x00000001808AE9A6+397494]
	QtWebEngineCore::FilePickerController::mode [0x00000001814201D1+5171185]
	QtWebEngineCore::CookieMonsterDelegateQt::canSetCookie [0x0000000180A8C85A+2355050]
	CertificateErrorController::CertificateErrorController [0x0000000183365AA7+751527]
	QtWebEngineCore::CookieMonsterDelegateQt::canSetCookie [0x0000000180D05D3D+4949069]
	QtWebEngineCore::BrowserContextAdapter::isOffTheRecord [0x00000001824B4072+197218]
	QtWebEngineCore::BrowserContextAdapter::customUrlSchemeHandlers [0x00000001823A9EFE+6992238]
	QtWebEngineCore::BrowserContextAdapter::customUrlSchemeHandlers [0x00000001823A8001+6984305]
	QtWebEngineCore::BrowserContextAdapter::customUrlSchemeHandlers [0x00000001823A86A4+6986004]
	QtWebEngineCore::BrowserContextAdapter::isOffTheRecord [0x00000001824B7C3C+212524]
	QtWebEngineCore::BrowserContextAdapter::isOffTheRecord [0x00000001824B9B40+220464]
	QtWebEngineCore::BrowserContextAdapter::isOffTheRecord [0x00000001824B9A95+220293]
	QtWebEngineCore::BrowserContextAdapter::customUrlSchemeHandlers [0x00000001823A9C93+6991619]
	QtWebEngineCore::BrowserContextAdapter::customUrlSchemeHandlers [0x00000001823ECB1B+7265675]
	QtWebEngineCore::BrowserContextAdapter::customUrlSchemeHandlers [0x00000001823A9B13+6991235]
	QtWebEngineCore::BrowserContextAdapter::customUrlSchemeHandlers [0x000000018241104D+7414461]
	WebEngineError::operator= [0x00000001807E96C6+363830]
	WebEngineError::operator= [0x00000001807EA7BC+368172]
	QtWebEngineCore::BrowserContextAdapter::customUrlSchemeHandlers [0x0000000182411E78+7418088]
	QtWebEngineCore::BrowserContextAdapter::customUrlSchemeHandlers [0x000000018241C190+7459840]
	BaseThreadInitThunk [0x00007FF93DA93034+20]
	RtlUserThreadStart [0x00007FF93FC23691+33]

[1228/155355:FATAL:resource_scheduler.cc(891)] Check failed: client_map_.empty(). 
Backtrace:
	QtWebEngineCore::BrowserContextAdapter::isOffTheRecord [0x000000018248D5F6+38886]
	QtWebEngineCore::BrowserContextAdapter::customUrlSchemeHandlers [0x00000001823936BD+6900013]
	QtWebEngineCore::CookieMonsterDelegateQt::canSetCookie [0x0000000180A96C1E+2396974]
	QtWebEngineCore::CookieMonsterDelegateQt::canSetCookie [0x00000001808A3D4C+353372]
	QtWebEngineCore::CookieMonsterDelegateQt::canSetCookie [0x00000001808A398E+352414]
	QtWebEngineCore::CookieMonsterDelegateQt::canSetCookie [0x00000001808C0B9F+471727]
	QtWebEngineCore::CookieMonsterDelegateQt::canSetCookie [0x00000001808C0B05+471573]
	QtWebEngineCore::CookieMonsterDelegateQt::canSetCookie [0x00000001808AE9A6+397494]
	QtWebEngineCore::FilePickerController::mode [0x00000001814201D1+5171185]
	QtWebEngineCore::CookieMonsterDelegateQt::canSetCookie [0x0000000180A8C85A+2355050]
	CertificateErrorController::CertificateErrorController [0x0000000183365AA7+751527]
	QtWebEngineCore::CookieMonsterDelegateQt::canSetCookie [0x0000000180D05D3D+4949069]
	QtWebEngineCore::BrowserContextAdapter::isOffTheRecord [0x00000001824B4072+197218]
	QtWebEngineCore::BrowserContextAdapter::customUrlSchemeHandlers [0x00000001823A9EFE+6992238]
	QtWebEngineCore::BrowserContextAdapter::customUrlSchemeHandlers [0x00000001823A8001+6984305]
	QtWebEngineCore::BrowserContextAdapter::customUrlSchemeHandlers [0x00000001823A86A4+6986004]
	QtWebEngineCore::BrowserContextAdapter::isOffTheRecord [0x00000001824B7C3C+212524]
	QtWebEngineCore::BrowserContextAdapter::isOffTheRecord [0x00000001824B9B40+220464]
	QtWebEngineCore::BrowserContextAdapter::isOffTheRecord [0x00000001824B9A95+220293]
	QtWebEngineCore::BrowserContextAdapter::customUrlSchemeHandlers [0x00000001823A9C93+6991619]
	QtWebEngineCore::BrowserContextAdapter::customUrlSchemeHandlers [0x00000001823ECB1B+7265675]
	QtWebEngineCore::BrowserContextAdapter::customUrlSchemeHandlers [0x00000001823A9B13+6991235]
	QtWebEngineCore::BrowserContextAdapter::customUrlSchemeHandlers [0x000000018241104D+7414461]
	WebEngineError::operator= [0x00000001807E96C6+363830]
	WebEngineError::operator= [0x00000001807EA7BC+368172]
	QtWebEngineCore::BrowserContextAdapter::customUrlSchemeHandlers [0x0000000182411E78+7418088]
	QtWebEngineCore::BrowserContextAdapter::customUrlSchemeHandlers [0x000000018241C190+7459840]
	BaseThreadInitThunk [0x00007FF93DA93034+20]
	RtlUserThreadStart [0x00007FF93FC23691+33]

[1228/155435:FATAL:resource_scheduler.cc(891)] Check failed: client_map_.empty(). 
Backtrace:
	QtWebEngineCore::BrowserContextAdapter::isOffTheRecord [0x000000018248D5F6+38886]
	QtWebEngineCore::BrowserContextAdapter::customUrlSchemeHandlers [0x00000001823936BD+6900013]
	QtWebEngineCore::CookieMonsterDelegateQt::canSetCookie [0x0000000180A96C1E+2396974]
	QtWebEngineCore::CookieMonsterDelegateQt::canSetCookie [0x00000001808A3D4C+353372]
	QtWebEngineCore::CookieMonsterDelegateQt::canSetCookie [0x00000001808A398E+352414]
	QtWebEngineCore::CookieMonsterDelegateQt::canSetCookie [0x00000001808C0B9F+471727]
	QtWebEngineCore::CookieMonsterDelegateQt::canSetCookie [0x00000001808C0B05+471573]
	QtWebEngineCore::CookieMonsterDelegateQt::canSetCookie [0x00000001808AE9A6+397494]
	QtWebEngineCore::FilePickerController::mode [0x00000001814201D1+5171185]
	QtWebEngineCore::CookieMonsterDelegateQt::canSetCookie [0x0000000180A8C85A+2355050]
	CertificateErrorController::CertificateErrorController [0x0000000183365AA7+751527]
	QtWebEngineCore::CookieMonsterDelegateQt::canSetCookie [0x0000000180D05D3D+4949069]
	QtWebEngineCore::BrowserContextAdapter::isOffTheRecord [0x00000001824B4072+197218]
	QtWebEngineCore::BrowserContextAdapter::customUrlSchemeHandlers [0x00000001823A9EFE+6992238]
	QtWebEngineCore::BrowserContextAdapter::customUrlSchemeHandlers [0x00000001823A8001+6984305]
	QtWebEngineCore::BrowserContextAdapter::customUrlSchemeHandlers [0x00000001823A86A4+6986004]
	QtWebEngineCore::BrowserContextAdapter::isOffTheRecord [0x00000001824B7C3C+212524]
	QtWebEngineCore::BrowserContextAdapter::isOffTheRecord [0x00000001824B9B40+220464]
	QtWebEngineCore::BrowserContextAdapter::isOffTheRecord [0x00000001824B9A95+220293]
	QtWebEngineCore::BrowserContextAdapter::customUrlSchemeHandlers [0x00000001823A9C93+6991619]
	QtWebEngineCore::BrowserContextAdapter::customUrlSchemeHandlers [0x00000001823ECB1B+7265675]
	QtWebEngineCore::BrowserContextAdapter::customUrlSchemeHandlers [0x00000001823A9B13+6991235]
	QtWebEngineCore::BrowserContextAdapter::customUrlSchemeHandlers [0x000000018241104D+7414461]
	WebEngineError::operator= [0x00000001807E96C6+363830]
	WebEngineError::operator= [0x00000001807EA7BC+368172]
	QtWebEngineCore::BrowserContextAdapter::customUrlSchemeHandlers [0x0000000182411E78+7418088]
	QtWebEngineCore::BrowserContextAdapter::customUrlSchemeHandlers [0x000000018241C190+7459840]
	BaseThreadInitThunk [0x00007FF93DA93034+20]
	RtlUserThreadStart [0x00007FF93FC23691+33]

[1228/155855:FATAL:resource_scheduler.cc(891)] Check failed: client_map_.empty(). 
Backtrace:
	QtWebEngineCore::BrowserContextAdapter::isOffTheRecord [0x000000018248D5F6+38886]
	QtWebEngineCore::BrowserContextAdapter::customUrlSchemeHandlers [0x00000001823936BD+6900013]
	QtWebEngineCore::CookieMonsterDelegateQt::canSetCookie [0x0000000180A96C1E+2396974]
	QtWebEngineCore::CookieMonsterDelegateQt::canSetCookie [0x00000001808A3D4C+353372]
	QtWebEngineCore::CookieMonsterDelegateQt::canSetCookie [0x00000001808A398E+352414]
	QtWebEngineCore::CookieMonsterDelegateQt::canSetCookie [0x00000001808C0B9F+471727]
	QtWebEngineCore::CookieMonsterDelegateQt::canSetCookie [0x00000001808C0B05+471573]
	QtWebEngineCore::CookieMonsterDelegateQt::canSetCookie [0x00000001808AE9A6+397494]
	QtWebEngineCore::FilePickerController::mode [0x00000001814201D1+5171185]
	QtWebEngineCore::CookieMonsterDelegateQt::canSetCookie [0x0000000180A8C85A+2355050]
	CertificateErrorController::CertificateErrorController [0x0000000183365AA7+751527]
	QtWebEngineCore::CookieMonsterDelegateQt::canSetCookie [0x0000000180D05D3D+4949069]
	QtWebEngineCore::BrowserContextAdapter::isOffTheRecord [0x00000001824B4072+197218]
	QtWebEngineCore::BrowserContextAdapter::customUrlSchemeHandlers [0x00000001823A9EFE+6992238]
	QtWebEngineCore::BrowserContextAdapter::customUrlSchemeHandlers [0x00000001823A8001+6984305]
	QtWebEngineCore::BrowserContextAdapter::customUrlSchemeHandlers [0x00000001823A86A4+6986004]
	QtWebEngineCore::BrowserContextAdapter::isOffTheRecord [0x00000001824B7C3C+212524]
	QtWebEngineCore::BrowserContextAdapter::isOffTheRecord [0x00000001824B9B40+220464]
	QtWebEngineCore::BrowserContextAdapter::isOffTheRecord [0x00000001824B9A95+220293]
	QtWebEngineCore::BrowserContextAdapter::customUrlSchemeHandlers [0x00000001823A9C93+6991619]
	QtWebEngineCore::BrowserContextAdapter::customUrlSchemeHandlers [0x00000001823ECB1B+7265675]
	QtWebEngineCore::BrowserContextAdapter::customUrlSchemeHandlers [0x00000001823A9B13+6991235]
	QtWebEngineCore::BrowserContextAdapter::customUrlSchemeHandlers [0x000000018241104D+7414461]
	WebEngineError::operator= [0x00000001807E96C6+363830]
	WebEngineError::operator= [0x00000001807EA7BC+368172]
	QtWebEngineCore::BrowserContextAdapter::customUrlSchemeHandlers [0x0000000182411E78+7418088]
	QtWebEngineCore::BrowserContextAdapter::customUrlSchemeHandlers [0x000000018241C190+7459840]
	BaseThreadInitThunk [0x00007FF93DA93034+20]
	RtlUserThreadStart [0x00007FF93FC23691+33]

[1228/160544:FATAL:renderer_data_memoizing_store.h(36)] Check failed: 0U == id_to_item_.size() (0 vs. 1)Failed to outlive render processes
Backtrace:
	QtWebEngineCore::BrowserContextAdapter::isOffTheRecord [0x000000018248D5F6+38886]
	QtWebEngineCore::BrowserContextAdapter::customUrlSchemeHandlers [0x00000001823936BD+6900013]
	QtWebEngineCore::CookieMonsterDelegateQt::canSetCookie [0x0000000180AA832D+2468413]
	QtWebEngineCore::CookieMonsterDelegateQt::canSetCookie [0x0000000180AA871E+2469422]
	QtWebEngineCore::CookieMonsterDelegateQt::canSetCookie [0x0000000180AA9A4C+2474332]
	QtWebEngineCore::BrowserContextAdapter::isOffTheRecord [0x000000018265F36F+1946975]
	QtWebEngineCore::CookieMonsterDelegateQt::canSetCookie [0x0000000180AA9C22+2474802]
	QtWebEngineCore::UserScript::data [0x0000000182F00507+9033207]
	QtWebEngineCore::WebContentsAdapter::d_func [0x00000001801C8835+135381]
	QtWebEngineCore::UserScript::data [0x0000000182EFEA42+9026354]
	QtWebEngineCore::CookieMonsterDelegateQt::canSetCookie [0x0000000180D05D3D+4949069]
	QtWebEngineCore::BrowserContextAdapter::customUrlSchemeHandlers [0x00000001823D7F66+7180758]
	QtWebEngineCore::BrowserContextAdapter::customUrlSchemeHandlers [0x00000001823D7D7D+7180269]
	WebEngineError::operator= [0x00000001807E654C+351164]
	WebEngineError::operator= [0x00000001807E64FE+351086]
	WebEngineError::operator= [0x00000001807E813F+358319]
	WebEngineError::operator= [0x00000001807E80A5+358165]
	WebEngineError::operator= [0x00000001807E801F+358031]
	WebEngineError::operator= [0x00000001807E6471+350945]
	WebEngineError::operator= [0x00000001807E659C+351244]
	QtWebEngineCore::URLRequestCustomJobDelegate::qt_static_metacall [0x0000000184B8BF63+3856419]
	QtWebEngineCore::CookieMonsterDelegateQt::canSetCookie [0x0000000180EBA7CE+6737630]
	QtWebEngineCore::CookieMonsterDelegateQt::canSetCookie [0x0000000180EBA72B+6737467]
	QtWebEngineCore::WebContentsAdapter::webContents [0x00000001801E1E52+26978]
	QtWebEngineCore::BrowserContextAdapter::`default constructor closure' [0x0000000180142BDC+332]
	QtWebEngineCore::BrowserContextAdapter::`default constructor closure' [0x0000000180142E0A+890]
	QtWebEngineCore::BrowserContextAdapter::`default constructor closure' [0x0000000180142E48+952]
	QtWebEngineCore::WebContentsAdapter::webContents [0x00000001801E1EF1+27137]
	QtWebEngineCore::WebContentsAdapter::webContents [0x00000001801E2B67+30327]
	QString::prepend [0x000000005B6FA98A+4380299]
	QGraphicsEllipseItem::setRect [0x000000005BE9C786+237207]
	main [0x00007FF7819D33A3+115] (e:\qtcode\webview\main.cpp:10)
	WinMain [0x00007FF7819DB18D+237] (c:\users\qt\work\qt\qtbase\src\winmain\qtmain_win.cpp:113)
	__tmainCRTStartup [0x00007FF7819DA991+625] (f:\dd\vctools\crt\crtw32\dllstuff\crtexe.c:618)
	WinMainCRTStartup [0x00007FF7819DA70E+14] (f:\dd\vctools\crt\crtw32\dllstuff\crtexe.c:466)
	BaseThreadInitThunk [0x00007FF93DA93034+20]
	RtlUserThreadStart [0x00007FF93FC23691+33]

