e:\codetext\file\file\debug\file.pch
e:\codetext\file\file\debug\vc120.pdb
e:\codetext\file\file\debug\vc120.idb
e:\codetext\file\file\debug\stdafx.obj
e:\codetext\file\file\debug\file.obj
e:\codetext\file\file\debug\filedoc.obj
e:\codetext\file\file\debug\fileview.obj
e:\codetext\file\file\debug\mainfrm.obj
e:\codetext\file\debug\file.ilk
e:\codetext\file\debug\file.exe
e:\codetext\file\debug\file.pdb
e:\codetext\file\file\debug\file.res
e:\codetext\file\file\debug\file.tlog\cl.command.1.tlog
e:\codetext\file\file\debug\file.tlog\cl.read.1.tlog
e:\codetext\file\file\debug\file.tlog\cl.write.1.tlog
e:\codetext\file\file\debug\file.tlog\link.command.1.tlog
e:\codetext\file\file\debug\file.tlog\link.read.1.tlog
e:\codetext\file\file\debug\file.tlog\link.write.1.tlog
e:\codetext\file\file\debug\file.tlog\rc.command.1.tlog
e:\codetext\file\file\debug\file.tlog\rc.read.1.tlog
e:\codetext\file\file\debug\file.tlog\rc.write.1.tlog
