生成启动时间为 2018/1/3 18:21:18。
     1>项目“E:\codeText\Parent\Parent\Parent.vcxproj”在节点 2 上(Build 个目标)。
     1>ClCompile:
         D:\VS2013\VC\bin\CL.exe /c /ZI /nologo /W3 /WX- /sdl /Od /Oy- /D WIN32 /D _WINDOWS /D _DEBUG /D _MBCS /D _AFXDLL /Gm /EHsc /RTC1 /MDd /GS /fp:precise /Zc:wchar_t /Zc:forScope /Yu"stdafx.h" /Fp"Debug\Parent.pch" /Fo"Debug\\" /Fd"Debug\vc120.pdb" /Gd /TP /analyze- /errorReport:prompt ParentView.cpp
         ParentView.cpp
       Link:
         D:\VS2013\VC\bin\link.exe /ERRORREPORT:PROMPT /OUT:"E:\codeText\Parent\Debug\Parent.exe" /INCREMENTAL /NOLOGO /MANIFEST /MANIFESTUAC:"level='asInvoker' uiAccess='false'" /manifest:embed /manifestinput:D:\VS2013\VC\Include\Manifest\dpiaware.manifest /DEBUG /PDB:"E:\codeText\Parent\Debug\Parent.pdb" /SUBSYSTEM:WINDOWS /TLBID:1 /DYNAMICBASE /NXCOMPAT /IMPLIB:"E:\codeText\Parent\Debug\Parent.lib" /MACHINE:X86 Debug\Parent.res
         Debug\ClassView.obj
         Debug\FileView.obj
         Debug\MainFrm.obj
         Debug\OutputWnd.obj
         Debug\Parent.obj
         Debug\ParentDoc.obj
         Debug\ParentView.obj
         Debug\PropertiesWnd.obj
         Debug\stdafx.obj
         Debug\ViewTree.obj
         Parent.vcxproj -> E:\codeText\Parent\Debug\Parent.exe
     1>已完成生成项目“E:\codeText\Parent\Parent\Parent.vcxproj”(Build 个目标)的操作。

生成成功。

已用时间 00:00:08.27
