e:\codetext\parent\parent\debug\parent.pch
e:\codetext\parent\parent\debug\vc120.pdb
e:\codetext\parent\parent\debug\vc120.idb
e:\codetext\parent\parent\debug\stdafx.obj
e:\codetext\parent\parent\debug\classview.obj
e:\codetext\parent\parent\debug\fileview.obj
e:\codetext\parent\parent\debug\mainfrm.obj
e:\codetext\parent\parent\debug\outputwnd.obj
e:\codetext\parent\parent\debug\parent.obj
e:\codetext\parent\parent\debug\parentdoc.obj
e:\codetext\parent\parent\debug\parentview.obj
e:\codetext\parent\parent\debug\propertieswnd.obj
e:\codetext\parent\parent\debug\viewtree.obj
e:\codetext\parent\debug\parent.ilk
e:\codetext\parent\debug\parent.exe
e:\codetext\parent\debug\parent.pdb
e:\codetext\parent\parent\debug\parent.res
e:\codetext\parent\parent\debug\parent.tlog\cl.command.1.tlog
e:\codetext\parent\parent\debug\parent.tlog\cl.read.1.tlog
e:\codetext\parent\parent\debug\parent.tlog\cl.write.1.tlog
e:\codetext\parent\parent\debug\parent.tlog\link.command.1.tlog
e:\codetext\parent\parent\debug\parent.tlog\link.read.1.tlog
e:\codetext\parent\parent\debug\parent.tlog\link.write.1.tlog
e:\codetext\parent\parent\debug\parent.tlog\rc.command.1.tlog
e:\codetext\parent\parent\debug\parent.tlog\rc.read.1.tlog
e:\codetext\parent\parent\debug\parent.tlog\rc.write.1.tlog
