e:\codetext\mfcactivexcontrol控件\mfcactivexcontrol控件\release\mfcactivexcontrol控件.pch
e:\codetext\mfcactivexcontrol控件\mfcactivexcontrol控件\release\vc120.pdb
e:\codetext\mfcactivexcontrol控件\mfcactivexcontrol控件\release\stdafx.obj
e:\codetext\mfcactivexcontrol控件\mfcactivexcontrol控件\release\mfcactivexcontrol控件proppage.obj
e:\codetext\mfcactivexcontrol控件\mfcactivexcontrol控件\release\mfcactivexcontrol控件ctrl.obj
e:\codetext\mfcactivexcontrol控件\mfcactivexcontrol控件\release\mfcactivexcontrol控件.obj
e:\codetext\mfcactivexcontrol控件\release\mfcactivexcontrol控件.ocx
e:\codetext\mfcactivexcontrol控件\release\mfcactivexcontrol控件.pdb
e:\codetext\mfcactivexcontrol控件\release\mfcactivexcontrol控件.lib
e:\codetext\mfcactivexcontrol控件\release\mfcactivexcontrol控件.exp
e:\codetext\mfcactivexcontrol控件\mfcactivexcontrol控件\release\mfcactivexcontrol.tlb
e:\codetext\mfcactivexcontrol控件\mfcactivexcontrol控件\mfcactivexcontrol_i.c
e:\codetext\mfcactivexcontrol控件\mfcactivexcontrol控件\mfcactivexcontrol控件idl.h
e:\codetext\mfcactivexcontrol控件\mfcactivexcontrol控件\release\mfcactivexcontrol控件.res
e:\codetext\mfcactivexcontrol控件\mfcactivexcontrol控件\release\mfcactiv.e76524d9.tlog\cl.command.1.tlog
e:\codetext\mfcactivexcontrol控件\mfcactivexcontrol控件\release\mfcactiv.e76524d9.tlog\cl.read.1.tlog
e:\codetext\mfcactivexcontrol控件\mfcactivexcontrol控件\release\mfcactiv.e76524d9.tlog\cl.write.1.tlog
e:\codetext\mfcactivexcontrol控件\mfcactivexcontrol控件\release\mfcactiv.e76524d9.tlog\link.command.1.tlog
e:\codetext\mfcactivexcontrol控件\mfcactivexcontrol控件\release\mfcactiv.e76524d9.tlog\link.read.1.tlog
e:\codetext\mfcactivexcontrol控件\mfcactivexcontrol控件\release\mfcactiv.e76524d9.tlog\link.write.1.tlog
e:\codetext\mfcactivexcontrol控件\mfcactivexcontrol控件\release\mfcactiv.e76524d9.tlog\mfcactivexcontrol控件.write.1u.tlog
e:\codetext\mfcactivexcontrol控件\mfcactivexcontrol控件\release\mfcactiv.e76524d9.tlog\midl.command.1.tlog
e:\codetext\mfcactivexcontrol控件\mfcactivexcontrol控件\release\mfcactiv.e76524d9.tlog\midl.read.1.tlog
e:\codetext\mfcactivexcontrol控件\mfcactivexcontrol控件\release\mfcactiv.e76524d9.tlog\midl.write.1.tlog
e:\codetext\mfcactivexcontrol控件\mfcactivexcontrol控件\release\mfcactiv.e76524d9.tlog\rc.command.1.tlog
e:\codetext\mfcactivexcontrol控件\mfcactivexcontrol控件\release\mfcactiv.e76524d9.tlog\rc.read.1.tlog
e:\codetext\mfcactivexcontrol控件\mfcactivexcontrol控件\release\mfcactiv.e76524d9.tlog\rc.write.1.tlog
