e:\codetext\mfcactivexcontrol控件\mfcactivexcontrol控件\debug\mfcactivexcontrol控件.pch
e:\codetext\mfcactivexcontrol控件\mfcactivexcontrol控件\debug\vc120.pdb
e:\codetext\mfcactivexcontrol控件\mfcactivexcontrol控件\debug\vc120.idb
e:\codetext\mfcactivexcontrol控件\mfcactivexcontrol控件\debug\stdafx.obj
e:\codetext\mfcactivexcontrol控件\mfcactivexcontrol控件\debug\mfcactivexcontrol控件.obj
e:\codetext\mfcactivexcontrol控件\mfcactivexcontrol控件\debug\mfcactivexcontrol控件ctrl.obj
e:\codetext\mfcactivexcontrol控件\mfcactivexcontrol控件\debug\mfcactivexcontrol控件proppage.obj
e:\codetext\mfcactivexcontrol控件\mfcactivexcontrol控件\debug\mfcactivexcontrol.tlb
e:\codetext\mfcactivexcontrol控件\mfcactivexcontrol控件\mfcactivexcontrol_i.c
e:\codetext\mfcactivexcontrol控件\mfcactivexcontrol控件\mfcactivexcontrol控件idl.h
e:\codetext\mfcactivexcontrol控件\mfcactivexcontrol控件\debug\mfcactivexcontrol控件.res
e:\codetext\mfcactivexcontrol控件\debug\mfcactivexcontrol控件.ocx
e:\codetext\mfcactivexcontrol控件\mfcactivexcontrol控件\debug\mfcactiv.e76524d9.tlog\cl.command.1.tlog
e:\codetext\mfcactivexcontrol控件\mfcactivexcontrol控件\debug\mfcactiv.e76524d9.tlog\cl.read.1.tlog
e:\codetext\mfcactivexcontrol控件\mfcactivexcontrol控件\debug\mfcactiv.e76524d9.tlog\cl.write.1.tlog
e:\codetext\mfcactivexcontrol控件\mfcactivexcontrol控件\debug\mfcactiv.e76524d9.tlog\link.command.1.tlog
e:\codetext\mfcactivexcontrol控件\mfcactivexcontrol控件\debug\mfcactiv.e76524d9.tlog\link.read.1.tlog
e:\codetext\mfcactivexcontrol控件\mfcactivexcontrol控件\debug\mfcactiv.e76524d9.tlog\link.write.1.tlog
e:\codetext\mfcactivexcontrol控件\mfcactivexcontrol控件\debug\mfcactiv.e76524d9.tlog\midl.command.1.tlog
e:\codetext\mfcactivexcontrol控件\mfcactivexcontrol控件\debug\mfcactiv.e76524d9.tlog\midl.read.1.tlog
e:\codetext\mfcactivexcontrol控件\mfcactivexcontrol控件\debug\mfcactiv.e76524d9.tlog\midl.write.1.tlog
e:\codetext\mfcactivexcontrol控件\mfcactivexcontrol控件\debug\mfcactiv.e76524d9.tlog\rc.command.1.tlog
e:\codetext\mfcactivexcontrol控件\mfcactivexcontrol控件\debug\mfcactiv.e76524d9.tlog\rc.read.1.tlog
e:\codetext\mfcactivexcontrol控件\mfcactivexcontrol控件\debug\mfcactiv.e76524d9.tlog\rc.write.1.tlog
