e:\codetext\clock\clock\debug\clock.pch
e:\codetext\clock\clock\debug\vc120.pdb
e:\codetext\clock\clock\debug\vc120.idb
e:\codetext\clock\clock\debug\stdafx.obj
e:\codetext\clock\clock\debug\clock.obj
e:\codetext\clock\clock\debug\clockctrl.obj
e:\codetext\clock\clock\debug\clockproppage.obj
e:\codetext\clock\debug\clock.lib
e:\codetext\clock\debug\clock.exp
e:\codetext\clock\debug\clock.ilk
e:\codetext\clock\debug\clock.ocx
e:\codetext\clock\debug\clock.pdb
e:\codetext\clock\clock\debug\clock.tlb
e:\codetext\clock\clock\clock_i.c
e:\codetext\clock\clock\clockidl.h
e:\codetext\clock\clock\debug\clock.res
e:\codetext\clock\clock\debug\clock.tlog\cl.command.1.tlog
e:\codetext\clock\clock\debug\clock.tlog\cl.read.1.tlog
e:\codetext\clock\clock\debug\clock.tlog\cl.write.1.tlog
e:\codetext\clock\clock\debug\clock.tlog\clock.write.1u.tlog
e:\codetext\clock\clock\debug\clock.tlog\link.command.1.tlog
e:\codetext\clock\clock\debug\clock.tlog\link.read.1.tlog
e:\codetext\clock\clock\debug\clock.tlog\link.write.1.tlog
e:\codetext\clock\clock\debug\clock.tlog\midl.command.1.tlog
e:\codetext\clock\clock\debug\clock.tlog\midl.read.1.tlog
e:\codetext\clock\clock\debug\clock.tlog\midl.write.1.tlog
e:\codetext\clock\clock\debug\clock.tlog\rc.command.1.tlog
e:\codetext\clock\clock\debug\clock.tlog\rc.read.1.tlog
e:\codetext\clock\clock\debug\clock.tlog\rc.write.1.tlog
