e:\codetext\dll\dll\debug\dll.pch
e:\codetext\dll\dll\debug\vc120.pdb
e:\codetext\dll\dll\debug\vc120.idb
e:\codetext\dll\dll\debug\stdafx.obj
e:\codetext\dll\dll\debug\dll.obj
e:\codetext\dll\dll\debug\dllmain.obj
e:\codetext\dll\debug\dll.lib
e:\codetext\dll\debug\dll.exp
e:\codetext\dll\dll\debug\dll.res
e:\codetext\dll\debug\dll.pdb
e:\codetext\dll\debug\dll.dll
e:\codetext\dll\debug\dll.ilk
e:\codetext\dll\dll\debug\dll.tlog\cl.command.1.tlog
e:\codetext\dll\dll\debug\dll.tlog\cl.read.1.tlog
e:\codetext\dll\dll\debug\dll.tlog\cl.write.1.tlog
e:\codetext\dll\dll\debug\dll.tlog\dll.write.1u.tlog
e:\codetext\dll\dll\debug\dll.tlog\link.13872.read.1.tlog
e:\codetext\dll\dll\debug\dll.tlog\link.13872.write.1.tlog
e:\codetext\dll\dll\debug\dll.tlog\link.command.1.tlog
e:\codetext\dll\dll\debug\dll.tlog\link.read.1.tlog
e:\codetext\dll\dll\debug\dll.tlog\link.write.1.tlog
e:\codetext\dll\dll\debug\dll.tlog\rc.command.1.tlog
e:\codetext\dll\dll\debug\dll.tlog\rc.read.1.tlog
e:\codetext\dll\dll\debug\dll.tlog\rc.write.1.tlog
