e:\codetext\chatasync\chatasync\debug\chatasync.pch
e:\codetext\chatasync\chatasync\debug\vc120.pdb
e:\codetext\chatasync\chatasync\debug\vc120.idb
e:\codetext\chatasync\chatasync\debug\stdafx.obj
e:\codetext\chatasync\chatasync\debug\chatasync.obj
e:\codetext\chatasync\chatasync\debug\chatasyncdlg.obj
e:\codetext\chatasync\chatasync\debug\qqq.obj
e:\codetext\chatasync\debug\chatasync.ilk
e:\codetext\chatasync\debug\chatasync.exe
e:\codetext\chatasync\debug\chatasync.pdb
e:\codetext\chatasync\chatasync\debug\chatasync.res
e:\codetext\chatasync\chatasync\debug\chatasync.tlog\cl.command.1.tlog
e:\codetext\chatasync\chatasync\debug\chatasync.tlog\cl.read.1.tlog
e:\codetext\chatasync\chatasync\debug\chatasync.tlog\cl.write.1.tlog
e:\codetext\chatasync\chatasync\debug\chatasync.tlog\link.command.1.tlog
e:\codetext\chatasync\chatasync\debug\chatasync.tlog\link.read.1.tlog
e:\codetext\chatasync\chatasync\debug\chatasync.tlog\link.write.1.tlog
e:\codetext\chatasync\chatasync\debug\chatasync.tlog\rc.command.1.tlog
e:\codetext\chatasync\chatasync\debug\chatasync.tlog\rc.read.1.tlog
e:\codetext\chatasync\chatasync\debug\chatasync.tlog\rc.write.1.tlog
